<beans xmlns="http://www.springframework.org/schema/beans"
	xmlns:context="http://www.springframework.org/schema/context"
	xmlns:xsi="http://www.w3.org/2001/XMLSchema-instance" xmlns:task="http://www.springframework.org/schema/task"
	xmlns:mvc="http://www.springframework.org/schema/mvc" xmlns:tx="http://www.springframework.org/schema/tx"
	xmlns:p="
http://www.springframework.org/schema/p" xmlns:c="http://www.springframework.org/schema/c"
	xmlns:util="
http://www.springframework.org/schema/util"
	xsi:schemaLocation="
        http://www.springframework.org/schema/beans     
        http://www.springframework.org/schema/beans/spring-beans-3.0.xsd
        http://www.springframework.org/schema/context 
        http://www.springframework.org/schema/context/spring-context-3.0.xsd
        http://www.springframework.org/schema/task
        http://www.springframework.org/schema/task/spring-task-3.2.xsd
        http://www.springframework.org/schema/tx
        http://www.springframework.org/schema/tx/spring-tx-3.1.xsd">


	<bean id="config" class="com.fairdeal.compass.util.Config">
		<constructor-arg name="path" value="mainconfig.properties"/>
	</bean>


	<!-- Offers convenience methods and automatic mapping between MongoDB JSON 
		documents and your domain classes. -->
	<!-- Factory bean that creates the Mongo instance -->
	<bean id="mongo" class="org.springframework.data.mongodb.core.MongoFactoryBean">
		<property name="host" value="192.168.171.100" />
		<property name="port" value="27017" />
	</bean>

	<!-- MongoTemplate for connecting and quering the documents in the database -->
	<bean id="mongoTemplate" class="org.springframework.data.mongodb.core.MongoTemplate">
		<constructor-arg name="mongo" ref="mongo" />
		<constructor-arg name="databaseName" value="urban_estate" />
	</bean>

</beans>

